EDA Netlist Writer report for LT24_Controller
Wed Dec 03 12:22:00 2014
Quartus II 64-Bit Version 14.0.0 Build 200 06/17/2014 SJ Full Version


---------------------
; Table of Contents ;
---------------------
  1. Legal Notice
  2. EDA Netlist Writer Summary
  3. Simulation Settings
  4. Simulation Generated Files
  5. EDA Netlist Writer Messages



----------------
; Legal Notice ;
----------------
Copyright (C) 1991-2014 Altera Corporation. All rights reserved.
Your use of Altera Corporation's design tools, logic functions 
and other software and tools, and its AMPP partner logic 
functions, and any output files from any of the foregoing 
(including device programming or simulation files), and any 
associated documentation or information are expressly subject 
to the terms and conditions of the Altera Program License 
Subscription Agreement, the Altera Quartus II License Agreement,
the Altera MegaCore Function License Agreement, or other 
applicable license agreement, including, without limitation, 
that your use is for the sole purpose of programming logic 
devices manufactured by Altera and sold by Altera or its 
authorized distributors.  Please refer to the applicable 
agreement for further details.



+-------------------------------------------------------------------+
; EDA Netlist Writer Summary                                        ;
+---------------------------+---------------------------------------+
; EDA Netlist Writer Status ; Successful - Wed Dec 03 12:22:00 2014 ;
; Revision Name             ; LT24_Controller                       ;
; Top-level Entity Name     ; LT24_Controller                       ;
; Family                    ; Cyclone IV E                          ;
; Simulation Files Creation ; Successful                            ;
+---------------------------+---------------------------------------+


+----------------------------------------------------------------------------------------------------------------------------+
; Simulation Settings                                                                                                        ;
+---------------------------------------------------------------------------------------------------+------------------------+
; Option                                                                                            ; Setting                ;
+---------------------------------------------------------------------------------------------------+------------------------+
; Tool Name                                                                                         ; ModelSim-Altera (VHDL) ;
; Generate netlist for functional simulation only                                                   ; Off                    ;
; Time scale                                                                                        ; 1 ps                   ;
; Truncate long hierarchy paths                                                                     ; Off                    ;
; Map illegal HDL characters                                                                        ; Off                    ;
; Flatten buses into individual nodes                                                               ; Off                    ;
; Maintain hierarchy                                                                                ; Off                    ;
; Bring out device-wide set/reset signals as ports                                                  ; Off                    ;
; Enable glitch filtering                                                                           ; Off                    ;
; Do not write top level VHDL entity                                                                ; Off                    ;
; Disable detection of setup and hold time violations in the input registers of bi-directional pins ; Off                    ;
; Architecture name in VHDL output netlist                                                          ; structure              ;
; Generate third-party EDA tool command script for RTL functional simulation                        ; Off                    ;
; Generate third-party EDA tool command script for gate-level simulation                            ; Off                    ;
+---------------------------------------------------------------------------------------------------+------------------------+


+-------------------------------------------------------------------------------------------------------------------------------+
; Simulation Generated Files                                                                                                    ;
+-------------------------------------------------------------------------------------------------------------------------------+
; Generated Files                                                                                                               ;
+-------------------------------------------------------------------------------------------------------------------------------+
; C:/Users/aroulin/Desktop/EmbeddedSystems/LT24/LT24_DE0_Project/simulation/modelsim/LT24_Controller_6_1200mv_85c_slow.vho      ;
; C:/Users/aroulin/Desktop/EmbeddedSystems/LT24/LT24_DE0_Project/simulation/modelsim/LT24_Controller_6_1200mv_0c_slow.vho       ;
; C:/Users/aroulin/Desktop/EmbeddedSystems/LT24/LT24_DE0_Project/simulation/modelsim/LT24_Controller_min_1200mv_0c_fast.vho     ;
; C:/Users/aroulin/Desktop/EmbeddedSystems/LT24/LT24_DE0_Project/simulation/modelsim/LT24_Controller.vho                        ;
; C:/Users/aroulin/Desktop/EmbeddedSystems/LT24/LT24_DE0_Project/simulation/modelsim/LT24_Controller_6_1200mv_85c_vhd_slow.sdo  ;
; C:/Users/aroulin/Desktop/EmbeddedSystems/LT24/LT24_DE0_Project/simulation/modelsim/LT24_Controller_6_1200mv_0c_vhd_slow.sdo   ;
; C:/Users/aroulin/Desktop/EmbeddedSystems/LT24/LT24_DE0_Project/simulation/modelsim/LT24_Controller_min_1200mv_0c_vhd_fast.sdo ;
; C:/Users/aroulin/Desktop/EmbeddedSystems/LT24/LT24_DE0_Project/simulation/modelsim/LT24_Controller_vhd.sdo                    ;
+-------------------------------------------------------------------------------------------------------------------------------+


+-----------------------------+
; EDA Netlist Writer Messages ;
+-----------------------------+
Info: *******************************************************************
Info: Running Quartus II 64-Bit EDA Netlist Writer
    Info: Version 14.0.0 Build 200 06/17/2014 SJ Full Version
    Info: Processing started: Wed Dec 03 12:21:56 2014
Info: Command: quartus_eda --read_settings_files=off --write_settings_files=off LT24_Controller -c LT24_Controller
Info (204019): Generated file LT24_Controller_6_1200mv_85c_slow.vho in folder "C:/Users/aroulin/Desktop/EmbeddedSystems/LT24/LT24_DE0_Project/simulation/modelsim/" for EDA simulation tool
Info (204019): Generated file LT24_Controller_6_1200mv_0c_slow.vho in folder "C:/Users/aroulin/Desktop/EmbeddedSystems/LT24/LT24_DE0_Project/simulation/modelsim/" for EDA simulation tool
Info (204019): Generated file LT24_Controller_min_1200mv_0c_fast.vho in folder "C:/Users/aroulin/Desktop/EmbeddedSystems/LT24/LT24_DE0_Project/simulation/modelsim/" for EDA simulation tool
Info (204019): Generated file LT24_Controller.vho in folder "C:/Users/aroulin/Desktop/EmbeddedSystems/LT24/LT24_DE0_Project/simulation/modelsim/" for EDA simulation tool
Info (204019): Generated file LT24_Controller_6_1200mv_85c_vhd_slow.sdo in folder "C:/Users/aroulin/Desktop/EmbeddedSystems/LT24/LT24_DE0_Project/simulation/modelsim/" for EDA simulation tool
Info (204019): Generated file LT24_Controller_6_1200mv_0c_vhd_slow.sdo in folder "C:/Users/aroulin/Desktop/EmbeddedSystems/LT24/LT24_DE0_Project/simulation/modelsim/" for EDA simulation tool
Info (204019): Generated file LT24_Controller_min_1200mv_0c_vhd_fast.sdo in folder "C:/Users/aroulin/Desktop/EmbeddedSystems/LT24/LT24_DE0_Project/simulation/modelsim/" for EDA simulation tool
Info (204019): Generated file LT24_Controller_vhd.sdo in folder "C:/Users/aroulin/Desktop/EmbeddedSystems/LT24/LT24_DE0_Project/simulation/modelsim/" for EDA simulation tool
Info: Quartus II 64-Bit EDA Netlist Writer was successful. 0 errors, 0 warnings
    Info: Peak virtual memory: 503 megabytes
    Info: Processing ended: Wed Dec 03 12:22:00 2014
    Info: Elapsed time: 00:00:04
    Info: Total CPU time (on all processors): 00:00:03


